The system is: Linux - 4.0.5-gentoo - i686
Compiling the C compiler identification source file "CMakeCCompilerId.c" succeeded.
Compiler: /usr/bin/cc 
Build flags: 
Id flags: 

The output was:
0


Compilation of the C compiler identification source "CMakeCCompilerId.c" produced "a.out"

The C compiler identification is GNU, found in "/home/dirk/Development/OpenCPN_master/rtl-ais-dirk/build/CMakeFiles/3.2.2/CompilerIdC/a.out"

Determining if the C compiler works passed with the following output:
Change Dir: /home/dirk/Development/OpenCPN_master/rtl-ais-dirk/build/CMakeFiles/CMakeTmp

Run Build Command:"/usr/bin/gmake" "cmTryCompileExec74546657/fast"
/usr/bin/gmake -f CMakeFiles/cmTryCompileExec74546657.dir/build.make CMakeFiles/cmTryCompileExec74546657.dir/build
gmake[1]: Entering directory '/home/dirk/Development/OpenCPN_master/rtl-ais-dirk/build/CMakeFiles/CMakeTmp'
/usr/bin/cmake -E cmake_progress_report /home/dirk/Development/OpenCPN_master/rtl-ais-dirk/build/CMakeFiles/CMakeTmp/CMakeFiles 1
Building C object CMakeFiles/cmTryCompileExec74546657.dir/testCCompiler.c.o
/usr/bin/cc    -o CMakeFiles/cmTryCompileExec74546657.dir/testCCompiler.c.o   -c /home/dirk/Development/OpenCPN_master/rtl-ais-dirk/build/CMakeFiles/CMakeTmp/testCCompiler.c
Linking C executable cmTryCompileExec74546657
/usr/bin/cmake -E cmake_link_script CMakeFiles/cmTryCompileExec74546657.dir/link.txt --verbose=1
/usr/bin/cc       CMakeFiles/cmTryCompileExec74546657.dir/testCCompiler.c.o  -o cmTryCompileExec74546657 -rdynamic 
gmake[1]: Leaving directory '/home/dirk/Development/OpenCPN_master/rtl-ais-dirk/build/CMakeFiles/CMakeTmp'


Detecting C compiler ABI info compiled with the following output:
Change Dir: /home/dirk/Development/OpenCPN_master/rtl-ais-dirk/build/CMakeFiles/CMakeTmp

Run Build Command:"/usr/bin/gmake" "cmTryCompileExec4101472048/fast"
/usr/bin/gmake -f CMakeFiles/cmTryCompileExec4101472048.dir/build.make CMakeFiles/cmTryCompileExec4101472048.dir/build
gmake[1]: Entering directory '/home/dirk/Development/OpenCPN_master/rtl-ais-dirk/build/CMakeFiles/CMakeTmp'
/usr/bin/cmake -E cmake_progress_report /home/dirk/Development/OpenCPN_master/rtl-ais-dirk/build/CMakeFiles/CMakeTmp/CMakeFiles 1
Building C object CMakeFiles/cmTryCompileExec4101472048.dir/CMakeCCompilerABI.c.o
/usr/bin/cc    -o CMakeFiles/cmTryCompileExec4101472048.dir/CMakeCCompilerABI.c.o   -c /usr/share/cmake/Modules/CMakeCCompilerABI.c
Linking C executable cmTryCompileExec4101472048
/usr/bin/cmake -E cmake_link_script CMakeFiles/cmTryCompileExec4101472048.dir/link.txt --verbose=1
/usr/bin/cc      -v CMakeFiles/cmTryCompileExec4101472048.dir/CMakeCCompilerABI.c.o  -o cmTryCompileExec4101472048 -rdynamic  
Using built-in specs.
COLLECT_GCC=/usr/i686-pc-linux-gnu/gcc-bin/4.8.4/gcc
COLLECT_LTO_WRAPPER=/usr/libexec/gcc/i686-pc-linux-gnu/4.8.4/lto-wrapper
Target: i686-pc-linux-gnu
Configured with: /var/tmp/portage/sys-devel/gcc-4.8.4/work/gcc-4.8.4/configure --host=i686-pc-linux-gnu --build=i686-pc-linux-gnu --prefix=/usr --bindir=/usr/i686-pc-linux-gnu/gcc-bin/4.8.4 --includedir=/usr/lib/gcc/i686-pc-linux-gnu/4.8.4/include --datadir=/usr/share/gcc-data/i686-pc-linux-gnu/4.8.4 --mandir=/usr/share/gcc-data/i686-pc-linux-gnu/4.8.4/man --infodir=/usr/share/gcc-data/i686-pc-linux-gnu/4.8.4/info --with-gxx-include-dir=/usr/lib/gcc/i686-pc-linux-gnu/4.8.4/include/g++-v4 --with-python-dir=/share/gcc-data/i686-pc-linux-gnu/4.8.4/python --enable-languages=c,c++,fortran --enable-obsolete --enable-secureplt --disable-werror --with-system-zlib --enable-nls --without-included-gettext --enable-checking=release --with-bugurl=https://bugs.gentoo.org/ --with-pkgversion='Gentoo 4.8.4 p1.6, pie-0.6.1' --enable-libstdcxx-time --enable-shared --enable-threads=posix --enable-__cxa_atexit --enable-clocale=gnu --disable-multilib --disable-altivec --disable-fixed-point --with-arch=i686 --enable-targets=all --disable-libgcj --enable-libgomp --disable-libmudflap --disable-libssp --enable-lto --without-cloog --enable-libsanitizer
Thread model: posix
gcc version 4.8.4 (Gentoo 4.8.4 p1.6, pie-0.6.1) 
COMPILER_PATH=/usr/libexec/gcc/i686-pc-linux-gnu/4.8.4/:/usr/libexec/gcc/i686-pc-linux-gnu/4.8.4/:/usr/libexec/gcc/i686-pc-linux-gnu/:/usr/lib/gcc/i686-pc-linux-gnu/4.8.4/:/usr/lib/gcc/i686-pc-linux-gnu/:/usr/lib/gcc/i686-pc-linux-gnu/4.8.4/../../../../i686-pc-linux-gnu/bin/
LIBRARY_PATH=/usr/lib/gcc/i686-pc-linux-gnu/4.8.4/:/usr/lib/gcc/i686-pc-linux-gnu/4.8.4/../../../../i686-pc-linux-gnu/lib/../lib/:/usr/lib/gcc/i686-pc-linux-gnu/4.8.4/../../../../lib/:/lib/../lib/:/usr/lib/../lib/:/usr/lib/gcc/i686-pc-linux-gnu/4.8.4/../../../../i686-pc-linux-gnu/lib/:/usr/lib/gcc/i686-pc-linux-gnu/4.8.4/../../../:/lib/:/usr/lib/
COLLECT_GCC_OPTIONS='-v' '-o' 'cmTryCompileExec4101472048' '-rdynamic' '-mtune=generic' '-march=i686'
 /usr/libexec/gcc/i686-pc-linux-gnu/4.8.4/collect2 --eh-frame-hdr -m elf_i386 -export-dynamic -dynamic-linker /lib/ld-linux.so.2 -o cmTryCompileExec4101472048 /usr/lib/gcc/i686-pc-linux-gnu/4.8.4/../../../../lib/crt1.o /usr/lib/gcc/i686-pc-linux-gnu/4.8.4/../../../../lib/crti.o /usr/lib/gcc/i686-pc-linux-gnu/4.8.4/crtbegin.o -L/usr/lib/gcc/i686-pc-linux-gnu/4.8.4 -L/usr/lib/gcc/i686-pc-linux-gnu/4.8.4/../../../../i686-pc-linux-gnu/lib/../lib -L/usr/lib/gcc/i686-pc-linux-gnu/4.8.4/../../../../lib -L/lib/../lib -L/usr/lib/../lib -L/usr/lib/gcc/i686-pc-linux-gnu/4.8.4/../../../../i686-pc-linux-gnu/lib -L/usr/lib/gcc/i686-pc-linux-gnu/4.8.4/../../.. CMakeFiles/cmTryCompileExec4101472048.dir/CMakeCCompilerABI.c.o -lgcc --as-needed -lgcc_s --no-as-needed -lc -lgcc --as-needed -lgcc_s --no-as-needed /usr/lib/gcc/i686-pc-linux-gnu/4.8.4/crtend.o /usr/lib/gcc/i686-pc-linux-gnu/4.8.4/../../../../lib/crtn.o
gmake[1]: Leaving directory '/home/dirk/Development/OpenCPN_master/rtl-ais-dirk/build/CMakeFiles/CMakeTmp'


Parsed C implicit link information from above output:
  link line regex: [^( *|.*[/\])(ld|([^/\]+-)?ld|collect2)[^/\]*( |$)]
  ignore line: [Change Dir: /home/dirk/Development/OpenCPN_master/rtl-ais-dirk/build/CMakeFiles/CMakeTmp]
  ignore line: []
  ignore line: [Run Build Command:"/usr/bin/gmake" "cmTryCompileExec4101472048/fast"]
  ignore line: [/usr/bin/gmake -f CMakeFiles/cmTryCompileExec4101472048.dir/build.make CMakeFiles/cmTryCompileExec4101472048.dir/build]
  ignore line: [gmake[1]: Entering directory '/home/dirk/Development/OpenCPN_master/rtl-ais-dirk/build/CMakeFiles/CMakeTmp']
  ignore line: [/usr/bin/cmake -E cmake_progress_report /home/dirk/Development/OpenCPN_master/rtl-ais-dirk/build/CMakeFiles/CMakeTmp/CMakeFiles 1]
  ignore line: [Building C object CMakeFiles/cmTryCompileExec4101472048.dir/CMakeCCompilerABI.c.o]
  ignore line: [/usr/bin/cc    -o CMakeFiles/cmTryCompileExec4101472048.dir/CMakeCCompilerABI.c.o   -c /usr/share/cmake/Modules/CMakeCCompilerABI.c]
  ignore line: [Linking C executable cmTryCompileExec4101472048]
  ignore line: [/usr/bin/cmake -E cmake_link_script CMakeFiles/cmTryCompileExec4101472048.dir/link.txt --verbose=1]
  ignore line: [/usr/bin/cc      -v CMakeFiles/cmTryCompileExec4101472048.dir/CMakeCCompilerABI.c.o  -o cmTryCompileExec4101472048 -rdynamic  ]
  ignore line: [Using built-in specs.]
  ignore line: [COLLECT_GCC=/usr/i686-pc-linux-gnu/gcc-bin/4.8.4/gcc]
  ignore line: [COLLECT_LTO_WRAPPER=/usr/libexec/gcc/i686-pc-linux-gnu/4.8.4/lto-wrapper]
  ignore line: [Target: i686-pc-linux-gnu]
  ignore line: [Configured with: /var/tmp/portage/sys-devel/gcc-4.8.4/work/gcc-4.8.4/configure --host=i686-pc-linux-gnu --build=i686-pc-linux-gnu --prefix=/usr --bindir=/usr/i686-pc-linux-gnu/gcc-bin/4.8.4 --includedir=/usr/lib/gcc/i686-pc-linux-gnu/4.8.4/include --datadir=/usr/share/gcc-data/i686-pc-linux-gnu/4.8.4 --mandir=/usr/share/gcc-data/i686-pc-linux-gnu/4.8.4/man --infodir=/usr/share/gcc-data/i686-pc-linux-gnu/4.8.4/info --with-gxx-include-dir=/usr/lib/gcc/i686-pc-linux-gnu/4.8.4/include/g++-v4 --with-python-dir=/share/gcc-data/i686-pc-linux-gnu/4.8.4/python --enable-languages=c,c++,fortran --enable-obsolete --enable-secureplt --disable-werror --with-system-zlib --enable-nls --without-included-gettext --enable-checking=release --with-bugurl=https://bugs.gentoo.org/ --with-pkgversion='Gentoo 4.8.4 p1.6, pie-0.6.1' --enable-libstdcxx-time --enable-shared --enable-threads=posix --enable-__cxa_atexit --enable-clocale=gnu --disable-multilib --disable-altivec --disable-fixed-point --with-arch=i686 --enable-targets=all --disable-libgcj --enable-libgomp --disable-libmudflap --disable-libssp --enable-lto --without-cloog --enable-libsanitizer]
  ignore line: [Thread model: posix]
  ignore line: [gcc version 4.8.4 (Gentoo 4.8.4 p1.6, pie-0.6.1) ]
  ignore line: [COMPILER_PATH=/usr/libexec/gcc/i686-pc-linux-gnu/4.8.4/:/usr/libexec/gcc/i686-pc-linux-gnu/4.8.4/:/usr/libexec/gcc/i686-pc-linux-gnu/:/usr/lib/gcc/i686-pc-linux-gnu/4.8.4/:/usr/lib/gcc/i686-pc-linux-gnu/:/usr/lib/gcc/i686-pc-linux-gnu/4.8.4/../../../../i686-pc-linux-gnu/bin/]
  ignore line: [LIBRARY_PATH=/usr/lib/gcc/i686-pc-linux-gnu/4.8.4/:/usr/lib/gcc/i686-pc-linux-gnu/4.8.4/../../../../i686-pc-linux-gnu/lib/../lib/:/usr/lib/gcc/i686-pc-linux-gnu/4.8.4/../../../../lib/:/lib/../lib/:/usr/lib/../lib/:/usr/lib/gcc/i686-pc-linux-gnu/4.8.4/../../../../i686-pc-linux-gnu/lib/:/usr/lib/gcc/i686-pc-linux-gnu/4.8.4/../../../:/lib/:/usr/lib/]
  ignore line: [COLLECT_GCC_OPTIONS='-v' '-o' 'cmTryCompileExec4101472048' '-rdynamic' '-mtune=generic' '-march=i686']
  link line: [ /usr/libexec/gcc/i686-pc-linux-gnu/4.8.4/collect2 --eh-frame-hdr -m elf_i386 -export-dynamic -dynamic-linker /lib/ld-linux.so.2 -o cmTryCompileExec4101472048 /usr/lib/gcc/i686-pc-linux-gnu/4.8.4/../../../../lib/crt1.o /usr/lib/gcc/i686-pc-linux-gnu/4.8.4/../../../../lib/crti.o /usr/lib/gcc/i686-pc-linux-gnu/4.8.4/crtbegin.o -L/usr/lib/gcc/i686-pc-linux-gnu/4.8.4 -L/usr/lib/gcc/i686-pc-linux-gnu/4.8.4/../../../../i686-pc-linux-gnu/lib/../lib -L/usr/lib/gcc/i686-pc-linux-gnu/4.8.4/../../../../lib -L/lib/../lib -L/usr/lib/../lib -L/usr/lib/gcc/i686-pc-linux-gnu/4.8.4/../../../../i686-pc-linux-gnu/lib -L/usr/lib/gcc/i686-pc-linux-gnu/4.8.4/../../.. CMakeFiles/cmTryCompileExec4101472048.dir/CMakeCCompilerABI.c.o -lgcc --as-needed -lgcc_s --no-as-needed -lc -lgcc --as-needed -lgcc_s --no-as-needed /usr/lib/gcc/i686-pc-linux-gnu/4.8.4/crtend.o /usr/lib/gcc/i686-pc-linux-gnu/4.8.4/../../../../lib/crtn.o]
    arg [/usr/libexec/gcc/i686-pc-linux-gnu/4.8.4/collect2] ==> ignore
    arg [--eh-frame-hdr] ==> ignore
    arg [-m] ==> ignore
    arg [elf_i386] ==> ignore
    arg [-export-dynamic] ==> ignore
    arg [-dynamic-linker] ==> ignore
    arg [/lib/ld-linux.so.2] ==> ignore
    arg [-o] ==> ignore
    arg [cmTryCompileExec4101472048] ==> ignore
    arg [/usr/lib/gcc/i686-pc-linux-gnu/4.8.4/../../../../lib/crt1.o] ==> ignore
    arg [/usr/lib/gcc/i686-pc-linux-gnu/4.8.4/../../../../lib/crti.o] ==> ignore
    arg [/usr/lib/gcc/i686-pc-linux-gnu/4.8.4/crtbegin.o] ==> ignore
    arg [-L/usr/lib/gcc/i686-pc-linux-gnu/4.8.4] ==> dir [/usr/lib/gcc/i686-pc-linux-gnu/4.8.4]
    arg [-L/usr/lib/gcc/i686-pc-linux-gnu/4.8.4/../../../../i686-pc-linux-gnu/lib/../lib] ==> dir [/usr/lib/gcc/i686-pc-linux-gnu/4.8.4/../../../../i686-pc-linux-gnu/lib/../lib]
    arg [-L/usr/lib/gcc/i686-pc-linux-gnu/4.8.4/../../../../lib] ==> dir [/usr/lib/gcc/i686-pc-linux-gnu/4.8.4/../../../../lib]
    arg [-L/lib/../lib] ==> dir [/lib/../lib]
    arg [-L/usr/lib/../lib] ==> dir [/usr/lib/../lib]
    arg [-L/usr/lib/gcc/i686-pc-linux-gnu/4.8.4/../../../../i686-pc-linux-gnu/lib] ==> dir [/usr/lib/gcc/i686-pc-linux-gnu/4.8.4/../../../../i686-pc-linux-gnu/lib]
    arg [-L/usr/lib/gcc/i686-pc-linux-gnu/4.8.4/../../..] ==> dir [/usr/lib/gcc/i686-pc-linux-gnu/4.8.4/../../..]
    arg [CMakeFiles/cmTryCompileExec4101472048.dir/CMakeCCompilerABI.c.o] ==> ignore
    arg [-lgcc] ==> lib [gcc]
    arg [--as-needed] ==> ignore
    arg [-lgcc_s] ==> lib [gcc_s]
    arg [--no-as-needed] ==> ignore
    arg [-lc] ==> lib [c]
    arg [-lgcc] ==> lib [gcc]
    arg [--as-needed] ==> ignore
    arg [-lgcc_s] ==> lib [gcc_s]
    arg [--no-as-needed] ==> ignore
    arg [/usr/lib/gcc/i686-pc-linux-gnu/4.8.4/crtend.o] ==> ignore
    arg [/usr/lib/gcc/i686-pc-linux-gnu/4.8.4/../../../../lib/crtn.o] ==> ignore
  remove lib [gcc]
  remove lib [gcc_s]
  remove lib [gcc]
  remove lib [gcc_s]
  collapse library dir [/usr/lib/gcc/i686-pc-linux-gnu/4.8.4] ==> [/usr/lib/gcc/i686-pc-linux-gnu/4.8.4]
  collapse library dir [/usr/lib/gcc/i686-pc-linux-gnu/4.8.4/../../../../i686-pc-linux-gnu/lib/../lib] ==> [/usr/i686-pc-linux-gnu/lib]
  collapse library dir [/usr/lib/gcc/i686-pc-linux-gnu/4.8.4/../../../../lib] ==> [/usr/lib]
  collapse library dir [/lib/../lib] ==> [/lib]
  collapse library dir [/usr/lib/../lib] ==> [/usr/lib]
  collapse library dir [/usr/lib/gcc/i686-pc-linux-gnu/4.8.4/../../../../i686-pc-linux-gnu/lib] ==> [/usr/i686-pc-linux-gnu/lib]
  collapse library dir [/usr/lib/gcc/i686-pc-linux-gnu/4.8.4/../../..] ==> [/usr/lib]
  implicit libs: [c]
  implicit dirs: [/usr/lib/gcc/i686-pc-linux-gnu/4.8.4;/usr/i686-pc-linux-gnu/lib;/usr/lib;/lib]
  implicit fwks: []




Detecting C [-std=c11] compiler features compiled with the following output:
Change Dir: /home/dirk/Development/OpenCPN_master/rtl-ais-dirk/build/CMakeFiles/CMakeTmp

Run Build Command:"/usr/bin/gmake" "cmTryCompileExec505217252/fast"
/usr/bin/gmake -f CMakeFiles/cmTryCompileExec505217252.dir/build.make CMakeFiles/cmTryCompileExec505217252.dir/build
gmake[1]: Entering directory '/home/dirk/Development/OpenCPN_master/rtl-ais-dirk/build/CMakeFiles/CMakeTmp'
/usr/bin/cmake -E cmake_progress_report /home/dirk/Development/OpenCPN_master/rtl-ais-dirk/build/CMakeFiles/CMakeTmp/CMakeFiles 1
Building C object CMakeFiles/cmTryCompileExec505217252.dir/feature_tests.c.o
/usr/bin/cc   -std=c11 -o CMakeFiles/cmTryCompileExec505217252.dir/feature_tests.c.o   -c /home/dirk/Development/OpenCPN_master/rtl-ais-dirk/build/CMakeFiles/feature_tests.c
Linking C executable cmTryCompileExec505217252
/usr/bin/cmake -E cmake_link_script CMakeFiles/cmTryCompileExec505217252.dir/link.txt --verbose=1
/usr/bin/cc       CMakeFiles/cmTryCompileExec505217252.dir/feature_tests.c.o  -o cmTryCompileExec505217252 -rdynamic 
gmake[1]: Leaving directory '/home/dirk/Development/OpenCPN_master/rtl-ais-dirk/build/CMakeFiles/CMakeTmp'


    Feature record: C_FEATURE:1c_function_prototypes
    Feature record: C_FEATURE:1c_restrict
    Feature record: C_FEATURE:1c_static_assert
    Feature record: C_FEATURE:1c_variadic_macros


Detecting C [-std=c99] compiler features compiled with the following output:
Change Dir: /home/dirk/Development/OpenCPN_master/rtl-ais-dirk/build/CMakeFiles/CMakeTmp

Run Build Command:"/usr/bin/gmake" "cmTryCompileExec1610483920/fast"
/usr/bin/gmake -f CMakeFiles/cmTryCompileExec1610483920.dir/build.make CMakeFiles/cmTryCompileExec1610483920.dir/build
gmake[1]: Entering directory '/home/dirk/Development/OpenCPN_master/rtl-ais-dirk/build/CMakeFiles/CMakeTmp'
/usr/bin/cmake -E cmake_progress_report /home/dirk/Development/OpenCPN_master/rtl-ais-dirk/build/CMakeFiles/CMakeTmp/CMakeFiles 1
Building C object CMakeFiles/cmTryCompileExec1610483920.dir/feature_tests.c.o
/usr/bin/cc   -std=c99 -o CMakeFiles/cmTryCompileExec1610483920.dir/feature_tests.c.o   -c /home/dirk/Development/OpenCPN_master/rtl-ais-dirk/build/CMakeFiles/feature_tests.c
Linking C executable cmTryCompileExec1610483920
/usr/bin/cmake -E cmake_link_script CMakeFiles/cmTryCompileExec1610483920.dir/link.txt --verbose=1
/usr/bin/cc       CMakeFiles/cmTryCompileExec1610483920.dir/feature_tests.c.o  -o cmTryCompileExec1610483920 -rdynamic 
gmake[1]: Leaving directory '/home/dirk/Development/OpenCPN_master/rtl-ais-dirk/build/CMakeFiles/CMakeTmp'


    Feature record: C_FEATURE:1c_function_prototypes
    Feature record: C_FEATURE:1c_restrict
    Feature record: C_FEATURE:0c_static_assert
    Feature record: C_FEATURE:1c_variadic_macros


Detecting C [-std=c90] compiler features compiled with the following output:
Change Dir: /home/dirk/Development/OpenCPN_master/rtl-ais-dirk/build/CMakeFiles/CMakeTmp

Run Build Command:"/usr/bin/gmake" "cmTryCompileExec936594857/fast"
/usr/bin/gmake -f CMakeFiles/cmTryCompileExec936594857.dir/build.make CMakeFiles/cmTryCompileExec936594857.dir/build
gmake[1]: Entering directory '/home/dirk/Development/OpenCPN_master/rtl-ais-dirk/build/CMakeFiles/CMakeTmp'
/usr/bin/cmake -E cmake_progress_report /home/dirk/Development/OpenCPN_master/rtl-ais-dirk/build/CMakeFiles/CMakeTmp/CMakeFiles 1
Building C object CMakeFiles/cmTryCompileExec936594857.dir/feature_tests.c.o
/usr/bin/cc   -std=c90 -o CMakeFiles/cmTryCompileExec936594857.dir/feature_tests.c.o   -c /home/dirk/Development/OpenCPN_master/rtl-ais-dirk/build/CMakeFiles/feature_tests.c
Linking C executable cmTryCompileExec936594857
/usr/bin/cmake -E cmake_link_script CMakeFiles/cmTryCompileExec936594857.dir/link.txt --verbose=1
/usr/bin/cc       CMakeFiles/cmTryCompileExec936594857.dir/feature_tests.c.o  -o cmTryCompileExec936594857 -rdynamic 
gmake[1]: Leaving directory '/home/dirk/Development/OpenCPN_master/rtl-ais-dirk/build/CMakeFiles/CMakeTmp'


    Feature record: C_FEATURE:1c_function_prototypes
    Feature record: C_FEATURE:0c_restrict
    Feature record: C_FEATURE:0c_static_assert
    Feature record: C_FEATURE:0c_variadic_macros
Determining if the function libusb_handle_events_timeout_completed exists passed with the following output:
Change Dir: /home/dirk/Development/OpenCPN_master/rtl-ais-dirk/build/CMakeFiles/CMakeTmp

Run Build Command:"/usr/bin/gmake" "cmTryCompileExec3609271067/fast"
/usr/bin/gmake -f CMakeFiles/cmTryCompileExec3609271067.dir/build.make CMakeFiles/cmTryCompileExec3609271067.dir/build
gmake[1]: Entering directory '/home/dirk/Development/OpenCPN_master/rtl-ais-dirk/build/CMakeFiles/CMakeTmp'
/usr/bin/cmake -E cmake_progress_report /home/dirk/Development/OpenCPN_master/rtl-ais-dirk/build/CMakeFiles/CMakeTmp/CMakeFiles 1
Building C object CMakeFiles/cmTryCompileExec3609271067.dir/CheckFunctionExists.c.o
/usr/bin/cc   -DCHECK_FUNCTION_EXISTS=libusb_handle_events_timeout_completed   -o CMakeFiles/cmTryCompileExec3609271067.dir/CheckFunctionExists.c.o   -c /usr/share/cmake/Modules/CheckFunctionExists.c
Linking C executable cmTryCompileExec3609271067
/usr/bin/cmake -E cmake_link_script CMakeFiles/cmTryCompileExec3609271067.dir/link.txt --verbose=1
/usr/bin/cc   -DCHECK_FUNCTION_EXISTS=libusb_handle_events_timeout_completed    CMakeFiles/cmTryCompileExec3609271067.dir/CheckFunctionExists.c.o  -o cmTryCompileExec3609271067 -rdynamic -lusb-1.0 
gmake[1]: Leaving directory '/home/dirk/Development/OpenCPN_master/rtl-ais-dirk/build/CMakeFiles/CMakeTmp'


Determining if the function libusb_error_name exists passed with the following output:
Change Dir: /home/dirk/Development/OpenCPN_master/rtl-ais-dirk/build/CMakeFiles/CMakeTmp

Run Build Command:"/usr/bin/gmake" "cmTryCompileExec3744366884/fast"
/usr/bin/gmake -f CMakeFiles/cmTryCompileExec3744366884.dir/build.make CMakeFiles/cmTryCompileExec3744366884.dir/build
gmake[1]: Entering directory '/home/dirk/Development/OpenCPN_master/rtl-ais-dirk/build/CMakeFiles/CMakeTmp'
/usr/bin/cmake -E cmake_progress_report /home/dirk/Development/OpenCPN_master/rtl-ais-dirk/build/CMakeFiles/CMakeTmp/CMakeFiles 1
Building C object CMakeFiles/cmTryCompileExec3744366884.dir/CheckFunctionExists.c.o
/usr/bin/cc   -DCHECK_FUNCTION_EXISTS=libusb_error_name   -o CMakeFiles/cmTryCompileExec3744366884.dir/CheckFunctionExists.c.o   -c /usr/share/cmake/Modules/CheckFunctionExists.c
Linking C executable cmTryCompileExec3744366884
/usr/bin/cmake -E cmake_link_script CMakeFiles/cmTryCompileExec3744366884.dir/link.txt --verbose=1
/usr/bin/cc   -DCHECK_FUNCTION_EXISTS=libusb_error_name    CMakeFiles/cmTryCompileExec3744366884.dir/CheckFunctionExists.c.o  -o cmTryCompileExec3744366884 -rdynamic -lusb-1.0 
gmake[1]: Leaving directory '/home/dirk/Development/OpenCPN_master/rtl-ais-dirk/build/CMakeFiles/CMakeTmp'


Determining if files pthread.h exist passed with the following output:
Change Dir: /home/dirk/Development/OpenCPN_master/rtl-ais-dirk/build/CMakeFiles/CMakeTmp

Run Build Command:"/usr/bin/gmake" "cmTryCompileExec2649713403/fast"
/usr/bin/gmake -f CMakeFiles/cmTryCompileExec2649713403.dir/build.make CMakeFiles/cmTryCompileExec2649713403.dir/build
gmake[1]: Entering directory '/home/dirk/Development/OpenCPN_master/rtl-ais-dirk/build/CMakeFiles/CMakeTmp'
/usr/bin/cmake -E cmake_progress_report /home/dirk/Development/OpenCPN_master/rtl-ais-dirk/build/CMakeFiles/CMakeTmp/CMakeFiles 1
Building C object CMakeFiles/cmTryCompileExec2649713403.dir/CheckIncludeFiles.c.o
/usr/bin/cc    -o CMakeFiles/cmTryCompileExec2649713403.dir/CheckIncludeFiles.c.o   -c /home/dirk/Development/OpenCPN_master/rtl-ais-dirk/build/CMakeFiles/CMakeTmp/CheckIncludeFiles.c
Linking C executable cmTryCompileExec2649713403
/usr/bin/cmake -E cmake_link_script CMakeFiles/cmTryCompileExec2649713403.dir/link.txt --verbose=1
/usr/bin/cc       CMakeFiles/cmTryCompileExec2649713403.dir/CheckIncludeFiles.c.o  -o cmTryCompileExec2649713403 -rdynamic 
gmake[1]: Leaving directory '/home/dirk/Development/OpenCPN_master/rtl-ais-dirk/build/CMakeFiles/CMakeTmp'


Determining if the function pthread_create exists in the pthread passed with the following output:
Change Dir: /home/dirk/Development/OpenCPN_master/rtl-ais-dirk/build/CMakeFiles/CMakeTmp

Run Build Command:"/usr/bin/gmake" "cmTryCompileExec1478214385/fast"
/usr/bin/gmake -f CMakeFiles/cmTryCompileExec1478214385.dir/build.make CMakeFiles/cmTryCompileExec1478214385.dir/build
gmake[1]: Entering directory '/home/dirk/Development/OpenCPN_master/rtl-ais-dirk/build/CMakeFiles/CMakeTmp'
/usr/bin/cmake -E cmake_progress_report /home/dirk/Development/OpenCPN_master/rtl-ais-dirk/build/CMakeFiles/CMakeTmp/CMakeFiles 1
Building C object CMakeFiles/cmTryCompileExec1478214385.dir/CheckFunctionExists.c.o
/usr/bin/cc   -DCHECK_FUNCTION_EXISTS=pthread_create   -o CMakeFiles/cmTryCompileExec1478214385.dir/CheckFunctionExists.c.o   -c /usr/share/cmake/Modules/CheckFunctionExists.c
Linking C executable cmTryCompileExec1478214385
/usr/bin/cmake -E cmake_link_script CMakeFiles/cmTryCompileExec1478214385.dir/link.txt --verbose=1
/usr/bin/cc   -DCHECK_FUNCTION_EXISTS=pthread_create    CMakeFiles/cmTryCompileExec1478214385.dir/CheckFunctionExists.c.o  -o cmTryCompileExec1478214385 -rdynamic -lpthread -lusb-1.0 
gmake[1]: Leaving directory '/home/dirk/Development/OpenCPN_master/rtl-ais-dirk/build/CMakeFiles/CMakeTmp'


